Сборка начата 04.12.2024 16:20:58.
Уровень детализации журнала: Normal.     1>Проект "C:\Users\Manmade\Desktop\3_Sem\KPO_3sem\Code\lab3_asm\lab3_asm\lab3_asm.vcxproj" в узле 2 (целевые объекты Build).
     1>PrepareForBuild:
         Структурированный вывод включен. Форматирование диагностики компилятора будет отражать иерархию ошибок. Подробнее см. https://aka.ms/cpp/structured-output.
       InitializeBuildStatus:
         Обращение к "x64\Debug\lab3_asm.tlog\unsuccessfulbuild".
       _MASM:
         Assembling lab3.asm...
         cmd.exe /C "C:\Users\Manmade\AppData\Local\Temp\tmp3d7a3e99eb85417a86b4a6a9333b9283.cmd"
         ml64.exe /c /nologo /Zi /Fo"x64\Debug\lab3.obj" /Fl"x64\Debug\\" /W3 /errorReport:prompt  /Talab3.asm
     1>lab3.asm(1): error A2008: syntax error : .
     1>lab3.asm(2): error A2008: syntax error : .
     1>lab3.asm(8): error A2008: syntax error : .
     1>lab3.asm(31): error A2008: syntax error : MessageBoxA
     1>lab3.asm(36): error A2008: syntax error : main
     1>lab3.asm(36): error A2088: END directive required at end of file
     1>C:\Program Files\Microsoft Visual Studio\2022\Community\MSBuild\Microsoft\VC\v170\BuildCustomizations\masm.targets(70,5): error MSB3721: выход из команды "ml64.exe /c /nologo /Zi /Fo"x64\Debug\lab3.obj" /Fl"x64\Debug\\" /W3 /errorReport:prompt  /Talab3.asm" с кодом "1".
     1>Сборка проекта "C:\Users\Manmade\Desktop\3_Sem\KPO_3sem\Code\lab3_asm\lab3_asm\lab3_asm.vcxproj" завершена (целевые объекты Build) с ошибкой.

Ошибка сборки.

       "C:\Users\Manmade\Desktop\3_Sem\KPO_3sem\Code\lab3_asm\lab3_asm\lab3_asm.vcxproj" (целевой объект Build ) (1) ->
       (Целевой объект _MASM) -> 
         lab3.asm(1): error A2008: syntax error : .
         lab3.asm(2): error A2008: syntax error : .
         lab3.asm(8): error A2008: syntax error : .
         lab3.asm(31): error A2008: syntax error : MessageBoxA
         lab3.asm(36): error A2008: syntax error : main
         lab3.asm(36): error A2088: END directive required at end of file
         C:\Program Files\Microsoft Visual Studio\2022\Community\MSBuild\Microsoft\VC\v170\BuildCustomizations\masm.targets(70,5): error MSB3721: выход из команды "ml64.exe /c /nologo /Zi /Fo"x64\Debug\lab3.obj" /Fl"x64\Debug\\" /W3 /errorReport:prompt  /Talab3.asm" с кодом "1".

    Предупреждений: 0
    Ошибок: 7

Прошло времени 00:00:00.16
